<?xml version="1.0" encoding="UTF-8" ?>
<testsuite errors="0" failures="0" hostname="DESKTOP-AOMJBTB" name="burak_erdilli_19011046.ExistingCustomerTest" skipped="0" tests="2" time="0.067" timestamp="2021-06-07T18:50:13">
  <properties>
[...]
</properties>
  <testcase classname="burak_erdilli_19011046.ExistingCustomerTest" name="testSetSubscription" time="0.003" />
  <testcase classname="burak_erdilli_19011046.ExistingCustomerTest" name="testGetSubscription" time="0.0" />
  <system-out><![CDATA[getSubscription
getSubscription
]]></system-out>
  <system-err><![CDATA[]]></system-err>
</testsuite>
